TN:
SF:server.js
FN:16,(anonymous_0)
FN:26,renderHome
FN:30,renderData
FN:40,start
FN:41,(anonymous_4)
FNF:5
FNH:3
FNDA:1,(anonymous_0)
FNDA:1,renderHome
FNDA:2,renderData
FNDA:0,start
FNDA:0,(anonymous_4)
DA:4,1
DA:5,1
DA:6,1
DA:10,1
DA:11,1
DA:14,1
DA:15,1
DA:16,1
DA:18,1
DA:20,1
DA:23,1
DA:27,1
DA:31,2
DA:36,2
DA:41,0
DA:44,1
LF:16
LH:15
BRF:0
BRH:0
end_of_record
TN:
SF:handlers/404.js
FN:1,notFound
FNF:1
FNH:1
FNDA:1,notFound
DA:2,1
DA:5,1
LF:2
LH:2
BRF:0
BRH:0
end_of_record
TN:
SF:handlers/500.js
FN:1,(anonymous_0)
FNF:1
FNH:1
FNDA:1,(anonymous_0)
DA:1,1
DA:2,1
LF:2
LH:2
BRF:0
BRH:0
end_of_record
